  Animation.cpp
  AnimationData.cpp
  CollisionManager.cpp
  CameraComponent.cpp
  Collider.cpp
  Collider2D.cpp
  ColliderBox2D.cpp
  ColliderOBB2D.cpp
  ColliderPixel.cpp
  ColliderSphere2D.cpp
  Component.cpp
  ObjectComponent.cpp
  PrimitiveComponent.cpp
  SceneComponent.cpp
  SpriteComponent.cpp
  TargetArm.cpp
  Tile.cpp
  TileMapComponent.cpp
  Transform.cpp
  Device.cpp
  컴파일하고 있습니다...
  EditorButton.cpp
  EditorCheckBox.cpp
  EditorComboBox.cpp
  EditorGUIManager.cpp
  EditorGroup.cpp
  EditorImage.cpp
  EditorInput.cpp
  EditorLabel.cpp
  EditorListBox.cpp
  EditorSameLine.cpp
  EditorText.cpp
  EditorWidget.cpp
  EditorWindow.cpp
  Engine.cpp
  EngineSetting.cpp
  GameObject.cpp
  Input.cpp
  Matrix.cpp
  PathManager.cpp
  Ref.cpp
  컴파일하고 있습니다...
  BlendState.cpp
  DepthStencilState.cpp
  RenderManager.cpp
  RenderState.cpp
  RenderStateManager.cpp
  AnimationManager.cpp
  AnimationSequence.cpp
  Font.cpp
  FontCollection.cpp
  FontManager.cpp
  Material.cpp
  MaterialManager.cpp
  Mesh.cpp
  MeshManager.cpp
  SpriteMesh.cpp
  ResourceManager.cpp
  AnimationConstantBuffer.cpp
  ColliderConstantBuffer.cpp
  ColliderImageShader.cpp
  ColliderShader.cpp
  컴파일하고 있습니다...
  ComputeShader.cpp
  ConstantBuffer.cpp
  ConstantBufferData.cpp
  GraphicShader.cpp
  MaterialConstantBuffer.cpp
  Shader.cpp
  ShaderManager.cpp
  SpriteColorShader.cpp
  SpriteShader.cpp
  StructuredBuffer.cpp
  TileMapBackShader.cpp
  TileMapConstantBuffer.cpp
  TileMapShader.cpp
  TransformConstantBuffer.cpp
  UIConstantBuffer.cpp
  UIProgressBarConstantBuffer.cpp
  UIProgressBarShader.cpp
  UIShader.cpp
  Sound.cpp
  SoundManager.cpp
  컴파일하고 있습니다...
  RenderTarget.cpp
  Texture.cpp
  TextureManager.cpp
  CameraManager.cpp
  CollisionSection.cpp
  Scene.cpp
  SceneCollision.cpp
  SceneInfo.cpp
  SceneManager.cpp
  SceneResource.cpp
  SceneViewport.cpp
  Timer.cpp
  UIButton.cpp
  UIImage.cpp
  UINumber.cpp
  UIProgressBar.cpp
  UIText.cpp
  UIWidget.cpp
  UIWindow.cpp
  Vector2.cpp
  컴파일하고 있습니다...
  Vector3.cpp
  Vector4.cpp
  XmlMapParser.cpp
  XmlParserManager.cpp
  imgui.cpp
  imgui_demo.cpp
  imgui_draw.cpp
  imgui_impl_dx11.cpp
  imgui_impl_win32.cpp
  imgui_tables.cpp
  imgui_widgets.cpp
  tinyxml2.cpp
  Engine.vcxproj -> D:\C++_Client\MapleStory_Blast\Engine\Bin\Engine.lib
  0개 파일이 복사되었습니다.
  파일을 찾을 수 없습니다-*.inl
  0개 파일이 복사되었습니다.
  0개 파일이 복사되었습니다.
  .\Engine\Bin\Collider.cso
  .\Engine\Bin\Engine.lib
  .\Engine\Bin\Mesh.cso
  .\Engine\Bin\Sprite.cso
  .\Engine\Bin\TileMap.cso
  .\Engine\Bin\UI.cso
  6개 파일이 복사되었습니다.
  .\Engine\Bin\Collider.cso
  .\Engine\Bin\Engine.lib
  .\Engine\Bin\Mesh.cso
  .\Engine\Bin\Sprite.cso
  .\Engine\Bin\TileMap.cso
  .\Engine\Bin\UI.cso
  6개 파일이 복사되었습니다.
  .\Engine\Bin\Collider.cso
  .\Engine\Bin\Engine.lib
  .\Engine\Bin\Mesh.cso
  .\Engine\Bin\Sprite.cso
  .\Engine\Bin\TileMap.cso
  .\Engine\Bin\UI.cso
  6개 파일이 복사되었습니다.
