e:\c++_client\maplestory_blast\client\binobjdebug\vc143.pdb
e:\c++_client\maplestory_blast\client\binobjdebug\vc143.idb
e:\c++_client\maplestory_blast\client\binobjdebug\main.obj
e:\c++_client\maplestory_blast\client\binobjdebug\clientmanager.obj
e:\c++_client\maplestory_blast\client\binobjdebug\client.res
e:\c++_client\maplestory_blast\client\binobjdebug\../bin/client_debug.pdb
e:\c++_client\maplestory_blast\client\binobjdebug\../binobjdebug/client.vcxproj.filelistabsolute.txt
e:\c++_client\maplestory_blast\client\binobjdebug\client.tlog\cl.command.1.tlog
e:\c++_client\maplestory_blast\client\binobjdebug\client.tlog\cl.read.1.tlog
e:\c++_client\maplestory_blast\client\binobjdebug\client.tlog\cl.write.1.tlog
e:\c++_client\maplestory_blast\client\binobjdebug\client.tlog\link-cvtres.read.1.tlog
e:\c++_client\maplestory_blast\client\binobjdebug\client.tlog\link-cvtres.write.1.tlog
e:\c++_client\maplestory_blast\client\binobjdebug\client.tlog\link-rc.read.1.tlog
e:\c++_client\maplestory_blast\client\binobjdebug\client.tlog\link-rc.write.1.tlog
e:\c++_client\maplestory_blast\client\binobjdebug\client.tlog\link.command.1.tlog
e:\c++_client\maplestory_blast\client\binobjdebug\client.tlog\link.read.1.tlog
e:\c++_client\maplestory_blast\client\binobjdebug\client.tlog\link.read.2.tlog
e:\c++_client\maplestory_blast\client\binobjdebug\client.tlog\link.write.1.tlog
e:\c++_client\maplestory_blast\client\binobjdebug\client.tlog\rc.command.1.tlog
e:\c++_client\maplestory_blast\client\binobjdebug\client.tlog\rc.read.1.tlog
e:\c++_client\maplestory_blast\client\binobjdebug\client.tlog\rc.write.1.tlog
