e:\c++_client\maplestory_blast\engine\bin\engine.pdb
e:\c++_client\maplestory_blast\engine\bin\engine.idb
e:\c++_client\maplestory_blast\engine\binobjdebug\device.obj
e:\c++_client\maplestory_blast\engine\binobjdebug\transform.obj
e:\c++_client\maplestory_blast\engine\binobjdebug\tilemapcomponent.obj
e:\c++_client\maplestory_blast\engine\binobjdebug\tile.obj
e:\c++_client\maplestory_blast\engine\binobjdebug\targetarm.obj
e:\c++_client\maplestory_blast\engine\binobjdebug\spritecomponent.obj
e:\c++_client\maplestory_blast\engine\binobjdebug\scenecomponent.obj
e:\c++_client\maplestory_blast\engine\binobjdebug\primitivecomponent.obj
e:\c++_client\maplestory_blast\engine\binobjdebug\objectcomponent.obj
e:\c++_client\maplestory_blast\engine\binobjdebug\component.obj
e:\c++_client\maplestory_blast\engine\binobjdebug\collidersphere2d.obj
e:\c++_client\maplestory_blast\engine\binobjdebug\colliderpixel.obj
e:\c++_client\maplestory_blast\engine\binobjdebug\colliderobb2d.obj
e:\c++_client\maplestory_blast\engine\binobjdebug\colliderbox2d.obj
e:\c++_client\maplestory_blast\engine\binobjdebug\collider2d.obj
e:\c++_client\maplestory_blast\engine\binobjdebug\collider.obj
e:\c++_client\maplestory_blast\engine\binobjdebug\cameracomponent.obj
e:\c++_client\maplestory_blast\engine\binobjdebug\collisionmanager.obj
e:\c++_client\maplestory_blast\engine\binobjdebug\animationdata.obj
e:\c++_client\maplestory_blast\engine\binobjdebug\animation.obj
e:\c++_client\maplestory_blast\engine\binobjdebug\imgui_impl_dx11.obj
e:\c++_client\maplestory_blast\engine\binobjdebug\imgui_draw.obj
e:\c++_client\maplestory_blast\engine\binobjdebug\imgui_demo.obj
e:\c++_client\maplestory_blast\engine\binobjdebug\imgui.obj
e:\c++_client\maplestory_blast\engine\binobjdebug\gameobject.obj
e:\c++_client\maplestory_blast\engine\binobjdebug\enginesetting.obj
e:\c++_client\maplestory_blast\engine\binobjdebug\engine.obj
e:\c++_client\maplestory_blast\engine\binobjdebug\editorwindow.obj
e:\c++_client\maplestory_blast\engine\binobjdebug\editorwidget.obj
e:\c++_client\maplestory_blast\engine\binobjdebug\editortext.obj
e:\c++_client\maplestory_blast\engine\binobjdebug\editorsameline.obj
e:\c++_client\maplestory_blast\engine\binobjdebug\editorlistbox.obj
e:\c++_client\maplestory_blast\engine\binobjdebug\editorlabel.obj
e:\c++_client\maplestory_blast\engine\binobjdebug\editorinput.obj
e:\c++_client\maplestory_blast\engine\binobjdebug\editorimage.obj
e:\c++_client\maplestory_blast\engine\binobjdebug\editorguimanager.obj
e:\c++_client\maplestory_blast\engine\binobjdebug\editorgroup.obj
e:\c++_client\maplestory_blast\engine\binobjdebug\editorcombobox.obj
e:\c++_client\maplestory_blast\engine\binobjdebug\editorcheckbox.obj
e:\c++_client\maplestory_blast\engine\binobjdebug\editorbutton.obj
e:\c++_client\maplestory_blast\engine\binobjdebug\mesh.obj
e:\c++_client\maplestory_blast\engine\binobjdebug\materialmanager.obj
e:\c++_client\maplestory_blast\engine\binobjdebug\material.obj
e:\c++_client\maplestory_blast\engine\binobjdebug\fontmanager.obj
e:\c++_client\maplestory_blast\engine\binobjdebug\fontcollection.obj
e:\c++_client\maplestory_blast\engine\binobjdebug\font.obj
e:\c++_client\maplestory_blast\engine\binobjdebug\animationsequence.obj
e:\c++_client\maplestory_blast\engine\binobjdebug\animationmanager.obj
e:\c++_client\maplestory_blast\engine\binobjdebug\renderstatemanager.obj
e:\c++_client\maplestory_blast\engine\binobjdebug\renderstate.obj
e:\c++_client\maplestory_blast\engine\binobjdebug\rendermanager.obj
e:\c++_client\maplestory_blast\engine\binobjdebug\depthstencilstate.obj
e:\c++_client\maplestory_blast\engine\binobjdebug\blendstate.obj
e:\c++_client\maplestory_blast\engine\binobjdebug\ref.obj
e:\c++_client\maplestory_blast\engine\binobjdebug\pathmanager.obj
e:\c++_client\maplestory_blast\engine\binobjdebug\matrix.obj
e:\c++_client\maplestory_blast\engine\binobjdebug\input.obj
e:\c++_client\maplestory_blast\engine\binobjdebug\imgui_widgets.obj
e:\c++_client\maplestory_blast\engine\binobjdebug\imgui_tables.obj
e:\c++_client\maplestory_blast\engine\binobjdebug\imgui_impl_win32.obj
e:\c++_client\maplestory_blast\engine\binobjdebug\tilemapshader.obj
e:\c++_client\maplestory_blast\engine\binobjdebug\tilemapconstantbuffer.obj
e:\c++_client\maplestory_blast\engine\binobjdebug\tilemapbackshader.obj
e:\c++_client\maplestory_blast\engine\binobjdebug\structuredbuffer.obj
e:\c++_client\maplestory_blast\engine\binobjdebug\spriteshader.obj
e:\c++_client\maplestory_blast\engine\binobjdebug\spritecolorshader.obj
e:\c++_client\maplestory_blast\engine\binobjdebug\shadermanager.obj
e:\c++_client\maplestory_blast\engine\binobjdebug\shader.obj
e:\c++_client\maplestory_blast\engine\binobjdebug\materialconstantbuffer.obj
e:\c++_client\maplestory_blast\engine\binobjdebug\graphicshader.obj
e:\c++_client\maplestory_blast\engine\binobjdebug\constantbufferdata.obj
e:\c++_client\maplestory_blast\engine\binobjdebug\constantbuffer.obj
e:\c++_client\maplestory_blast\engine\binobjdebug\computeshader.obj
e:\c++_client\maplestory_blast\engine\binobjdebug\collidershader.obj
e:\c++_client\maplestory_blast\engine\binobjdebug\colliderimageshader.obj
e:\c++_client\maplestory_blast\engine\binobjdebug\colliderconstantbuffer.obj
e:\c++_client\maplestory_blast\engine\binobjdebug\animationconstantbuffer.obj
e:\c++_client\maplestory_blast\engine\binobjdebug\resourcemanager.obj
e:\c++_client\maplestory_blast\engine\binobjdebug\spritemesh.obj
e:\c++_client\maplestory_blast\engine\binobjdebug\meshmanager.obj
e:\c++_client\maplestory_blast\engine\binobjdebug\uibutton.obj
e:\c++_client\maplestory_blast\engine\binobjdebug\timer.obj
e:\c++_client\maplestory_blast\engine\binobjdebug\sceneviewport.obj
e:\c++_client\maplestory_blast\engine\binobjdebug\sceneresource.obj
e:\c++_client\maplestory_blast\engine\binobjdebug\scenemanager.obj
e:\c++_client\maplestory_blast\engine\binobjdebug\sceneinfo.obj
e:\c++_client\maplestory_blast\engine\binobjdebug\scenecollision.obj
e:\c++_client\maplestory_blast\engine\binobjdebug\scene.obj
e:\c++_client\maplestory_blast\engine\binobjdebug\collisionsection.obj
e:\c++_client\maplestory_blast\engine\binobjdebug\cameramanager.obj
e:\c++_client\maplestory_blast\engine\binobjdebug\texturemanager.obj
e:\c++_client\maplestory_blast\engine\binobjdebug\texture.obj
e:\c++_client\maplestory_blast\engine\binobjdebug\rendertarget.obj
e:\c++_client\maplestory_blast\engine\binobjdebug\soundmanager.obj
e:\c++_client\maplestory_blast\engine\binobjdebug\sound.obj
e:\c++_client\maplestory_blast\engine\binobjdebug\uishader.obj
e:\c++_client\maplestory_blast\engine\binobjdebug\uiprogressbarshader.obj
e:\c++_client\maplestory_blast\engine\binobjdebug\uiprogressbarconstantbuffer.obj
e:\c++_client\maplestory_blast\engine\binobjdebug\uiconstantbuffer.obj
e:\c++_client\maplestory_blast\engine\binobjdebug\transformconstantbuffer.obj
e:\c++_client\maplestory_blast\engine\binobjdebug\vector4.obj
e:\c++_client\maplestory_blast\engine\binobjdebug\vector3.obj
e:\c++_client\maplestory_blast\engine\binobjdebug\vector2.obj
e:\c++_client\maplestory_blast\engine\binobjdebug\uiwindow.obj
e:\c++_client\maplestory_blast\engine\binobjdebug\uiwidget.obj
e:\c++_client\maplestory_blast\engine\binobjdebug\uitext.obj
e:\c++_client\maplestory_blast\engine\binobjdebug\uiprogressbar.obj
e:\c++_client\maplestory_blast\engine\binobjdebug\uinumber.obj
e:\c++_client\maplestory_blast\engine\binobjdebug\uiimage.obj
e:\c++_client\maplestory_blast\engine\bin\collider.cso
e:\c++_client\maplestory_blast\engine\bin\mesh.cso
e:\c++_client\maplestory_blast\engine\bin\sprite.cso
e:\c++_client\maplestory_blast\engine\bin\tilemap.cso
e:\c++_client\maplestory_blast\engine\bin\ui.cso
e:\c++_client\maplestory_blast\engine\bin\engine.lib
e:\c++_client\maplestory_blast\engine\binobjdebug\../bin/engine.pdb
e:\c++_client\maplestory_blast\engine\binobjdebug\../binobjdebug/engine.vcxproj.filelistabsolute.txt
e:\c++_client\maplestory_blast\engine\binobjdebug\engine.tlog\cl.command.1.tlog
e:\c++_client\maplestory_blast\engine\binobjdebug\engine.tlog\cl.items.tlog
e:\c++_client\maplestory_blast\engine\binobjdebug\engine.tlog\cl.read.1.tlog
e:\c++_client\maplestory_blast\engine\binobjdebug\engine.tlog\cl.write.1.tlog
e:\c++_client\maplestory_blast\engine\binobjdebug\engine.tlog\fxc.command.1.tlog
e:\c++_client\maplestory_blast\engine\binobjdebug\engine.tlog\fxc.read.1.tlog
e:\c++_client\maplestory_blast\engine\binobjdebug\engine.tlog\fxc.write.1.tlog
e:\c++_client\maplestory_blast\engine\binobjdebug\engine.tlog\lib-link.read.1.tlog
e:\c++_client\maplestory_blast\engine\binobjdebug\engine.tlog\lib-link.write.1.tlog
e:\c++_client\maplestory_blast\engine\binobjdebug\engine.tlog\lib.command.1.tlog
